\BOOKMARK [1][-]{section.1}{\376\377\000I\000n\000t\000r\000o\000d\000u\000c\000t\000i\000o\000n}{}% 1
\BOOKMARK [1][-]{section.7}{\376\377\000R\000e\000l\000a\000t\000e\000d\000\040\000W\000o\000r\000k}{}% 2
\BOOKMARK [1][-]{section.8}{\376\377\000S\000y\000s\000t\000e\000m\000\040\000M\000o\000d\000e\000l\000\040\000a\000n\000d\000\040\000M\000i\000s\000s\000i\000o\000n\000\040\000S\000e\000t\000t\000i\000n\000g}{}% 3
\BOOKMARK [2][-]{subsection.9}{\376\377\000A\000r\000c\000h\000i\000t\000e\000c\000t\000u\000r\000e}{section.8}% 4
\BOOKMARK [2][-]{subsection.10}{\376\377\000R\000e\000f\000e\000r\000e\000n\000c\000e\000\040\000F\000r\000a\000m\000e\000\040\000a\000n\000d\000\040\000S\000t\000a\000t\000e}{section.8}% 5
\BOOKMARK [2][-]{subsection.12}{\376\377\000R\000e\000l\000a\000t\000i\000v\000e\000\040\000D\000y\000n\000a\000m\000i\000c\000s}{section.8}% 6
\BOOKMARK [2][-]{subsection.16}{\376\377\000I\000n\000s\000p\000e\000c\000t\000i\000o\000n\000\040\000T\000a\000r\000g\000e\000t\000s}{section.8}% 7
\BOOKMARK [2][-]{subsection.17}{\376\377\000M\000i\000s\000s\000i\000o\000n\000\040\000T\000e\000r\000m\000i\000n\000a\000t\000i\000o\000n}{section.8}% 8
\BOOKMARK [1][-]{section.19}{\376\377\000P\000r\000o\000b\000l\000e\000m\000\040\000F\000o\000r\000m\000u\000l\000a\000t\000i\000o\000n}{}% 9
\BOOKMARK [2][-]{subsection.20}{\376\377\000V\000i\000s\000i\000b\000i\000l\000i\000t\000y\000\040\000a\000n\000d\000\040\000D\000w\000e\000l\000l}{section.19}% 10
\BOOKMARK [2][-]{subsection.26}{\376\377\000S\000a\000f\000e\000t\000y\000\040\000a\000n\000d\000\040\000A\000c\000t\000u\000a\000t\000i\000o\000n}{section.19}% 11
\BOOKMARK [2][-]{subsection.30}{\376\377\000O\000p\000t\000i\000m\000i\000z\000a\000t\000i\000o\000n\000\040\000O\000b\000j\000e\000c\000t\000i\000v\000e}{section.19}% 12
\BOOKMARK [2][-]{subsection.38}{\376\377\000E\000v\000a\000l\000u\000a\000t\000i\000o\000n\000\040\000M\000e\000t\000r\000i\000c\000s}{section.19}% 13
\BOOKMARK [2][-]{subsection.43}{\376\377\000D\000y\000n\000a\000m\000i\000c\000s\000-\000A\000w\000a\000r\000e\000\040\000C\000o\000v\000e\000r\000a\000g\000e\000\040\000E\000f\000f\000i\000c\000i\000e\000n\000c\000y}{section.19}% 14
\BOOKMARK [1][-]{section.45}{\376\377\000O\000f\000f\000l\000i\000n\000e\000\040\000P\000l\000a\000n\000n\000e\000r}{}% 15
\BOOKMARK [2][-]{subsection.46}{\376\377\000D\000e\000c\000o\000m\000p\000o\000s\000i\000t\000i\000o\000n}{section.45}% 16
\BOOKMARK [2][-]{subsection.47}{\376\377\000C\000a\000n\000d\000i\000d\000a\000t\000e\000\040\000V\000i\000e\000w\000p\000o\000i\000n\000t\000s}{section.45}% 17
\BOOKMARK [2][-]{subsection.49}{\376\377\000D\000y\000n\000a\000m\000i\000c\000s\000-\000A\000w\000a\000r\000e\000\040\000V\000i\000e\000w\000p\000o\000i\000n\000t\000\040\000S\000e\000l\000e\000c\000t\000i\000o\000n}{section.45}% 18
\BOOKMARK [2][-]{subsection.51}{\376\377\000C\000W\000\040\000T\000r\000a\000n\000s\000f\000e\000r\000\040\000G\000e\000n\000e\000r\000a\000t\000i\000o\000n}{section.45}% 19
\BOOKMARK [2][-]{subsection.53}{\376\377\000O\000u\000t\000p\000u\000t\000s}{section.45}% 20
\BOOKMARK [1][-]{section.55}{\376\377\000E\000x\000p\000e\000r\000i\000m\000e\000n\000t\000a\000l\000\040\000P\000r\000o\000t\000o\000c\000o\000l}{}% 21
\BOOKMARK [2][-]{subsection.56}{\376\377\000O\000f\000f\000l\000i\000n\000e\000\040\000P\000l\000a\000n\000n\000i\000n\000g\000\040\000B\000e\000n\000c\000h\000m\000a\000r\000k}{section.55}% 22
\BOOKMARK [2][-]{subsection.57}{\376\377\000R\000O\000S\000\040\0002\000\040\000E\000x\000e\000c\000u\000t\000i\000o\000n\000\040\000S\000m\000o\000k\000e\000\040\000R\000u\000n}{section.55}% 23
\BOOKMARK [2][-]{subsection.58}{\376\377\000G\000a\000z\000e\000b\000o\000\040\000H\000a\000r\000m\000o\000n\000i\000c\000\040\000V\000a\000l\000i\000d\000a\000t\000i\000o\000n}{section.55}% 24
\BOOKMARK [2][-]{subsection.59}{\376\377\000M\000o\000n\000t\000e\000\040\000C\000a\000r\000l\000o\000\040\000B\000a\000s\000e\000l\000i\000n\000e\000\040\000T\000a\000b\000l\000e}{section.55}% 25
\BOOKMARK [1][-]{section.60}{\376\377\000R\000e\000s\000u\000l\000t\000s}{}% 26
\BOOKMARK [2][-]{subsection.61}{\376\377\000M\000e\000s\000h\000-\000A\000w\000a\000r\000e\000\040\000O\000f\000f\000l\000i\000n\000e\000\040\000P\000l\000a\000n\000n\000i\000n\000g}{section.60}% 27
\BOOKMARK [2][-]{subsection.68}{\376\377\000M\000e\000t\000h\000o\000d\000\040\000C\000o\000m\000p\000a\000r\000i\000s\000o\000n}{section.60}% 28
\BOOKMARK [2][-]{subsection.75}{\376\377\000T\000r\000a\000j\000e\000c\000t\000o\000r\000y\000,\000\040\000A\000t\000t\000i\000t\000u\000d\000e\000,\000\040\000a\000n\000d\000\040\000R\000O\000S\000\040\000V\000a\000l\000i\000d\000a\000t\000i\000o\000n}{section.60}% 29
\BOOKMARK [1][-]{section.78}{\376\377\000D\000i\000s\000c\000u\000s\000s\000i\000o\000n\000\040\000a\000n\000d\000\040\000L\000i\000m\000i\000t\000a\000t\000i\000o\000n\000s}{}% 30
\BOOKMARK [2][-]{subsection.79}{\376\377\000S\000e\000l\000f\000-\000C\000o\000n\000t\000a\000i\000n\000e\000d\000\040\000A\000r\000t\000i\000f\000a\000c\000t\000\040\000I\000n\000v\000e\000n\000t\000o\000r\000y}{section.78}% 31
\BOOKMARK [1][-]{section.82}{\376\377\000C\000o\000n\000c\000l\000u\000s\000i\000o\000n}{}% 32
